
-----
Test: tests/test_add_book.py::test_add_books (call)
Start time: 2023-11-30 18:04:16.206557
Start name method: authorization

End time: 2023-11-30 18:04:16.719871
End name method: authorization
URL: http://localhost:8080/%D0%91%D1%80%D0%B0%D0%B9%D0%B0%D0%BD/private/IqOMPaJRaUUtDccUNGRJgECquehMMRaTWvdQPBXmYiCdrTHWdREIedJwTGqRJSnNJIzGQkuMffHpCDUgaclimIGwCRWuBtEfHTtndBzZvBKLdeUGvTOPGbtAFsmfGZzFqOYVeGVYFWbGMUWIVTNHbStjDQYXnsjOmKVegPjGxOzwZKcvQxeEOwcnXebTcsYkRbuhFhrPFWxZrFonGqNfHUWQCkKZNCmYKpwZPirDshqeNSLROnUnjZGckTvYHaWM

-----

-----
Test: tests/test_add_book.py::test_add_books (call)
Start time: 2023-11-30 18:04:16.719871
Start name method: select_author

End time: 2023-11-30 18:04:16.813017
End name method: select_author
URL: http://localhost:8080/%D0%91%D1%80%D0%B0%D0%B9%D0%B0%D0%BD/add-a/IqOMPaJRaUUtDccUNGRJgECquehMMRaTWvdQPBXmYiCdrTHWdREIedJwTGqRJSnNJIzGQkuMffHpCDUgaclimIGwCRWuBtEfHTtndBzZvBKLdeUGvTOPGbtAFsmfGZzFqOYVeGVYFWbGMUWIVTNHbStjDQYXnsjOmKVegPjGxOzwZKcvQxeEOwcnXebTcsYkRbuhFhrPFWxZrFonGqNfHUWQCkKZNCmYKpwZPirDshqeNSLROnUnjZGckTvYHaWM

-----

-----
Test: tests/test_add_book.py::test_add_books (call)
Start time: 2023-11-30 18:04:16.813017
Start name method: add_author

End time: 2023-11-30 18:04:18.370124
End name method: add_author
URL: http://localhost:8080/%D0%91%D1%80%D0%B0%D0%B9%D0%B0%D0%BD/private/IqOMPaJRaUUtDccUNGRJgECquehMMRaTWvdQPBXmYiCdrTHWdREIedJwTGqRJSnNJIzGQkuMffHpCDUgaclimIGwCRWuBtEfHTtndBzZvBKLdeUGvTOPGbtAFsmfGZzFqOYVeGVYFWbGMUWIVTNHbStjDQYXnsjOmKVegPjGxOzwZKcvQxeEOwcnXebTcsYkRbuhFhrPFWxZrFonGqNfHUWQCkKZNCmYKpwZPirDshqeNSLROnUnjZGckTvYHaWM

-----

-----
Test: tests/test_add_book.py::test_add_books (call)
Start time: 2023-11-30 18:04:18.370124
Start name method: select_metabook

End time: 2023-11-30 18:04:18.456576
End name method: select_metabook
URL: http://localhost:8080/%D0%91%D1%80%D0%B0%D0%B9%D0%B0%D0%BD/add-mb/IqOMPaJRaUUtDccUNGRJgECquehMMRaTWvdQPBXmYiCdrTHWdREIedJwTGqRJSnNJIzGQkuMffHpCDUgaclimIGwCRWuBtEfHTtndBzZvBKLdeUGvTOPGbtAFsmfGZzFqOYVeGVYFWbGMUWIVTNHbStjDQYXnsjOmKVegPjGxOzwZKcvQxeEOwcnXebTcsYkRbuhFhrPFWxZrFonGqNfHUWQCkKZNCmYKpwZPirDshqeNSLROnUnjZGckTvYHaWM

-----

-----
Test: tests/test_add_book.py::test_add_books (call)
Start time: 2023-11-30 18:04:18.456576
Start name method: add_metabook

End time: 2023-11-30 18:04:19.878329
End name method: accept_alert
URL: http://localhost:8080/%D0%91%D1%80%D0%B0%D0%B9%D0%B0%D0%BD/private/IqOMPaJRaUUtDccUNGRJgECquehMMRaTWvdQPBXmYiCdrTHWdREIedJwTGqRJSnNJIzGQkuMffHpCDUgaclimIGwCRWuBtEfHTtndBzZvBKLdeUGvTOPGbtAFsmfGZzFqOYVeGVYFWbGMUWIVTNHbStjDQYXnsjOmKVegPjGxOzwZKcvQxeEOwcnXebTcsYkRbuhFhrPFWxZrFonGqNfHUWQCkKZNCmYKpwZPirDshqeNSLROnUnjZGckTvYHaWM

-----

-----
Test: tests/test_add_book.py::test_add_books (call)
Start time: 2023-11-30 18:04:19.878329
Start name method: select_book

End time: 2023-11-30 18:04:19.970453
End name method: select_book
URL: http://localhost:8080/%D0%91%D1%80%D0%B0%D0%B9%D0%B0%D0%BD/add-b/IqOMPaJRaUUtDccUNGRJgECquehMMRaTWvdQPBXmYiCdrTHWdREIedJwTGqRJSnNJIzGQkuMffHpCDUgaclimIGwCRWuBtEfHTtndBzZvBKLdeUGvTOPGbtAFsmfGZzFqOYVeGVYFWbGMUWIVTNHbStjDQYXnsjOmKVegPjGxOzwZKcvQxeEOwcnXebTcsYkRbuhFhrPFWxZrFonGqNfHUWQCkKZNCmYKpwZPirDshqeNSLROnUnjZGckTvYHaWM

-----

-----
Test: tests/test_add_book.py::test_add_books (call)
Start time: 2023-11-30 18:04:19.970453
Start name method: add_book

End time: 2023-11-30 18:04:21.340454
End name method: accept_alert
URL: http://localhost:8080/%D0%91%D1%80%D0%B0%D0%B9%D0%B0%D0%BD/private/IqOMPaJRaUUtDccUNGRJgECquehMMRaTWvdQPBXmYiCdrTHWdREIedJwTGqRJSnNJIzGQkuMffHpCDUgaclimIGwCRWuBtEfHTtndBzZvBKLdeUGvTOPGbtAFsmfGZzFqOYVeGVYFWbGMUWIVTNHbStjDQYXnsjOmKVegPjGxOzwZKcvQxeEOwcnXebTcsYkRbuhFhrPFWxZrFonGqNfHUWQCkKZNCmYKpwZPirDshqeNSLROnUnjZGckTvYHaWM

-----

-----
Test: tests/test_add_book.py::test_add_books (call)
Start time: 2023-11-30 18:04:21.340454
Start name method: select_text

End time: 2023-11-30 18:04:21.427221
End name method: select_text
URL: http://localhost:8080/%D0%91%D1%80%D0%B0%D0%B9%D0%B0%D0%BD/add-t/IqOMPaJRaUUtDccUNGRJgECquehMMRaTWvdQPBXmYiCdrTHWdREIedJwTGqRJSnNJIzGQkuMffHpCDUgaclimIGwCRWuBtEfHTtndBzZvBKLdeUGvTOPGbtAFsmfGZzFqOYVeGVYFWbGMUWIVTNHbStjDQYXnsjOmKVegPjGxOzwZKcvQxeEOwcnXebTcsYkRbuhFhrPFWxZrFonGqNfHUWQCkKZNCmYKpwZPirDshqeNSLROnUnjZGckTvYHaWM

-----

-----
Test: tests/test_add_book.py::test_add_books (call)
Start time: 2023-11-30 18:04:21.428219
Start name method: add_text

End time: 2023-11-30 18:04:22.589239
End name method: accept_alert
URL: http://localhost:8080/%D0%91%D1%80%D0%B0%D0%B9%D0%B0%D0%BD/private/IqOMPaJRaUUtDccUNGRJgECquehMMRaTWvdQPBXmYiCdrTHWdREIedJwTGqRJSnNJIzGQkuMffHpCDUgaclimIGwCRWuBtEfHTtndBzZvBKLdeUGvTOPGbtAFsmfGZzFqOYVeGVYFWbGMUWIVTNHbStjDQYXnsjOmKVegPjGxOzwZKcvQxeEOwcnXebTcsYkRbuhFhrPFWxZrFonGqNfHUWQCkKZNCmYKpwZPirDshqeNSLROnUnjZGckTvYHaWM

-----

-----
Test: tests/test_add_book.py::test_add_books (call)
Start time: 2023-11-30 18:04:22.590236
Start name method: select_text

End time: 2023-11-30 18:04:22.687455
End name method: select_text
URL: http://localhost:8080/%D0%91%D1%80%D0%B0%D0%B9%D0%B0%D0%BD/my-books/1/IqOMPaJRaUUtDccUNGRJgECquehMMRaTWvdQPBXmYiCdrTHWdREIedJwTGqRJSnNJIzGQkuMffHpCDUgaclimIGwCRWuBtEfHTtndBzZvBKLdeUGvTOPGbtAFsmfGZzFqOYVeGVYFWbGMUWIVTNHbStjDQYXnsjOmKVegPjGxOzwZKcvQxeEOwcnXebTcsYkRbuhFhrPFWxZrFonGqNfHUWQCkKZNCmYKpwZPirDshqeNSLROnUnjZGckTvYHaWM

-----

-----
Test: tests/test_add_book.py::test_add_books (call)
Start time: 2023-11-30 18:04:22.687455
Start name method: accept_books

End time: 2023-11-30 18:04:22.846890
End name method: accept_books
URL: http://localhost:8080/%D0%91%D1%80%D0%B0%D0%B9%D0%B0%D0%BD/my-books/1/IqOMPaJRaUUtDccUNGRJgECquehMMRaTWvdQPBXmYiCdrTHWdREIedJwTGqRJSnNJIzGQkuMffHpCDUgaclimIGwCRWuBtEfHTtndBzZvBKLdeUGvTOPGbtAFsmfGZzFqOYVeGVYFWbGMUWIVTNHbStjDQYXnsjOmKVegPjGxOzwZKcvQxeEOwcnXebTcsYkRbuhFhrPFWxZrFonGqNfHUWQCkKZNCmYKpwZPirDshqeNSLROnUnjZGckTvYHaWM

-----
