
-----
Test: tests/test_add_book.py::test_add_books (call)
Start time: 2023-11-30 18:01:41.855991
Start name method: authorization

End time: 2023-11-30 18:01:42.363764
End name method: authorization
URL: http://localhost:8080/%D0%91%D1%80%D0%B0%D0%B9%D0%B0%D0%BD/private/IgehRKjwTGblsrGAjmfhOcAGjZxLzQPIseGHUpOyFiTMfvUmiZBsgFWfMyFHrBsnXSBCaysIhbwzHEiEAFksPjVCGeQvLFLnZKqqRqliIHWUoLAKFhgMRkAKbDQuJChICREvwpgUZuGJqHMfzJdIIwgBZihlcErVXpvvYUnYKSyPdkXucOEVMMOKMSoxHINTKdbdwECKcTrwhcOGOKLANmzFFJdAwMiMrciOhIyOLqBCelBtFeLVNSQuLhvALsSE

-----

-----
Test: tests/test_add_book.py::test_add_books (call)
Start time: 2023-11-30 18:01:42.364760
Start name method: select_author

End time: 2023-11-30 18:01:42.463124
End name method: select_author
URL: http://localhost:8080/%D0%91%D1%80%D0%B0%D0%B9%D0%B0%D0%BD/add-a/IgehRKjwTGblsrGAjmfhOcAGjZxLzQPIseGHUpOyFiTMfvUmiZBsgFWfMyFHrBsnXSBCaysIhbwzHEiEAFksPjVCGeQvLFLnZKqqRqliIHWUoLAKFhgMRkAKbDQuJChICREvwpgUZuGJqHMfzJdIIwgBZihlcErVXpvvYUnYKSyPdkXucOEVMMOKMSoxHINTKdbdwECKcTrwhcOGOKLANmzFFJdAwMiMrciOhIyOLqBCelBtFeLVNSQuLhvALsSE

-----

-----
Test: tests/test_add_book.py::test_add_books (call)
Start time: 2023-11-30 18:01:42.464121
Start name method: add_author

End time: 2023-11-30 18:01:44.016929
End name method: add_author
URL: http://localhost:8080/%D0%91%D1%80%D0%B0%D0%B9%D0%B0%D0%BD/private/IgehRKjwTGblsrGAjmfhOcAGjZxLzQPIseGHUpOyFiTMfvUmiZBsgFWfMyFHrBsnXSBCaysIhbwzHEiEAFksPjVCGeQvLFLnZKqqRqliIHWUoLAKFhgMRkAKbDQuJChICREvwpgUZuGJqHMfzJdIIwgBZihlcErVXpvvYUnYKSyPdkXucOEVMMOKMSoxHINTKdbdwECKcTrwhcOGOKLANmzFFJdAwMiMrciOhIyOLqBCelBtFeLVNSQuLhvALsSE

-----

-----
Test: tests/test_add_book.py::test_add_books (call)
Start time: 2023-11-30 18:01:44.017927
Start name method: select_metabook

End time: 2023-11-30 18:01:44.108684
End name method: select_metabook
URL: http://localhost:8080/%D0%91%D1%80%D0%B0%D0%B9%D0%B0%D0%BD/add-mb/IgehRKjwTGblsrGAjmfhOcAGjZxLzQPIseGHUpOyFiTMfvUmiZBsgFWfMyFHrBsnXSBCaysIhbwzHEiEAFksPjVCGeQvLFLnZKqqRqliIHWUoLAKFhgMRkAKbDQuJChICREvwpgUZuGJqHMfzJdIIwgBZihlcErVXpvvYUnYKSyPdkXucOEVMMOKMSoxHINTKdbdwECKcTrwhcOGOKLANmzFFJdAwMiMrciOhIyOLqBCelBtFeLVNSQuLhvALsSE

-----

-----
Test: tests/test_add_book.py::test_add_books (call)
Start time: 2023-11-30 18:01:44.109682
Start name method: add_metabook

End time: 2023-11-30 18:01:45.558655
End name method: accept_alert
URL: http://localhost:8080/%D0%91%D1%80%D0%B0%D0%B9%D0%B0%D0%BD/private/IgehRKjwTGblsrGAjmfhOcAGjZxLzQPIseGHUpOyFiTMfvUmiZBsgFWfMyFHrBsnXSBCaysIhbwzHEiEAFksPjVCGeQvLFLnZKqqRqliIHWUoLAKFhgMRkAKbDQuJChICREvwpgUZuGJqHMfzJdIIwgBZihlcErVXpvvYUnYKSyPdkXucOEVMMOKMSoxHINTKdbdwECKcTrwhcOGOKLANmzFFJdAwMiMrciOhIyOLqBCelBtFeLVNSQuLhvALsSE

-----

-----
Test: tests/test_add_book.py::test_add_books (call)
Start time: 2023-11-30 18:01:45.558655
Start name method: select_book

End time: 2023-11-30 18:01:45.641497
End name method: select_book
URL: http://localhost:8080/%D0%91%D1%80%D0%B0%D0%B9%D0%B0%D0%BD/add-b/IgehRKjwTGblsrGAjmfhOcAGjZxLzQPIseGHUpOyFiTMfvUmiZBsgFWfMyFHrBsnXSBCaysIhbwzHEiEAFksPjVCGeQvLFLnZKqqRqliIHWUoLAKFhgMRkAKbDQuJChICREvwpgUZuGJqHMfzJdIIwgBZihlcErVXpvvYUnYKSyPdkXucOEVMMOKMSoxHINTKdbdwECKcTrwhcOGOKLANmzFFJdAwMiMrciOhIyOLqBCelBtFeLVNSQuLhvALsSE

-----

-----
Test: tests/test_add_book.py::test_add_books (call)
Start time: 2023-11-30 18:01:45.642524
Start name method: add_book

End time: 2023-11-30 18:01:46.995608
End name method: accept_alert
URL: http://localhost:8080/%D0%91%D1%80%D0%B0%D0%B9%D0%B0%D0%BD/private/IgehRKjwTGblsrGAjmfhOcAGjZxLzQPIseGHUpOyFiTMfvUmiZBsgFWfMyFHrBsnXSBCaysIhbwzHEiEAFksPjVCGeQvLFLnZKqqRqliIHWUoLAKFhgMRkAKbDQuJChICREvwpgUZuGJqHMfzJdIIwgBZihlcErVXpvvYUnYKSyPdkXucOEVMMOKMSoxHINTKdbdwECKcTrwhcOGOKLANmzFFJdAwMiMrciOhIyOLqBCelBtFeLVNSQuLhvALsSE

-----

-----
Test: tests/test_add_book.py::test_add_books (call)
Start time: 2023-11-30 18:01:46.996605
Start name method: select_text

