
-----
Test: tests/test_add_book.py::test_add_books (call)
Start time: 2023-11-30 18:05:06.606560
Start name method: authorization

End time: 2023-11-30 18:05:07.093760
End name method: authorization
URL: http://localhost:8080/%D0%91%D1%80%D0%B0%D0%B9%D0%B0%D0%BD/private/FIbVipltRtqcoJlDSjFnZTLHWWwXWjYMotIhcUtnhLIJVoWKHxayVvReUoefVJSBZcSxXwDrcNQfkxygCjGQgGjtrMZkZDipNMVOTheYFFZPxqVuvbujmnJnjjqnsLXFWOJlWpMPoBUcHnRxmRodkyivOckyIvqAevckpgslKbKFFOhAMxhbgKWoAfUyTxrfLsAQGtOUPltDJMCwOxfaVFzKvoLEJhvCuoufkgHPbGTrIWWOwCFpCdAQbQivUQYm

-----

-----
Test: tests/test_add_book.py::test_add_books (call)
Start time: 2023-11-30 18:05:07.093760
Start name method: select_author

End time: 2023-11-30 18:05:07.193608
End name method: select_author
URL: http://localhost:8080/%D0%91%D1%80%D0%B0%D0%B9%D0%B0%D0%BD/add-a/FIbVipltRtqcoJlDSjFnZTLHWWwXWjYMotIhcUtnhLIJVoWKHxayVvReUoefVJSBZcSxXwDrcNQfkxygCjGQgGjtrMZkZDipNMVOTheYFFZPxqVuvbujmnJnjjqnsLXFWOJlWpMPoBUcHnRxmRodkyivOckyIvqAevckpgslKbKFFOhAMxhbgKWoAfUyTxrfLsAQGtOUPltDJMCwOxfaVFzKvoLEJhvCuoufkgHPbGTrIWWOwCFpCdAQbQivUQYm

-----

-----
Test: tests/test_add_book.py::test_add_books (call)
Start time: 2023-11-30 18:05:07.193608
Start name method: add_author

End time: 2023-11-30 18:05:08.709707
End name method: add_author
URL: http://localhost:8080/%D0%91%D1%80%D0%B0%D0%B9%D0%B0%D0%BD/private/FIbVipltRtqcoJlDSjFnZTLHWWwXWjYMotIhcUtnhLIJVoWKHxayVvReUoefVJSBZcSxXwDrcNQfkxygCjGQgGjtrMZkZDipNMVOTheYFFZPxqVuvbujmnJnjjqnsLXFWOJlWpMPoBUcHnRxmRodkyivOckyIvqAevckpgslKbKFFOhAMxhbgKWoAfUyTxrfLsAQGtOUPltDJMCwOxfaVFzKvoLEJhvCuoufkgHPbGTrIWWOwCFpCdAQbQivUQYm

-----

-----
Test: tests/test_add_book.py::test_add_books (call)
Start time: 2023-11-30 18:05:08.710733
Start name method: select_metabook

End time: 2023-11-30 18:05:08.800103
End name method: select_metabook
URL: http://localhost:8080/%D0%91%D1%80%D0%B0%D0%B9%D0%B0%D0%BD/add-mb/FIbVipltRtqcoJlDSjFnZTLHWWwXWjYMotIhcUtnhLIJVoWKHxayVvReUoefVJSBZcSxXwDrcNQfkxygCjGQgGjtrMZkZDipNMVOTheYFFZPxqVuvbujmnJnjjqnsLXFWOJlWpMPoBUcHnRxmRodkyivOckyIvqAevckpgslKbKFFOhAMxhbgKWoAfUyTxrfLsAQGtOUPltDJMCwOxfaVFzKvoLEJhvCuoufkgHPbGTrIWWOwCFpCdAQbQivUQYm

-----

-----
Test: tests/test_add_book.py::test_add_books (call)
Start time: 2023-11-30 18:05:08.801099
Start name method: add_metabook

End time: 2023-11-30 18:05:10.216903
End name method: accept_alert
URL: http://localhost:8080/%D0%91%D1%80%D0%B0%D0%B9%D0%B0%D0%BD/private/FIbVipltRtqcoJlDSjFnZTLHWWwXWjYMotIhcUtnhLIJVoWKHxayVvReUoefVJSBZcSxXwDrcNQfkxygCjGQgGjtrMZkZDipNMVOTheYFFZPxqVuvbujmnJnjjqnsLXFWOJlWpMPoBUcHnRxmRodkyivOckyIvqAevckpgslKbKFFOhAMxhbgKWoAfUyTxrfLsAQGtOUPltDJMCwOxfaVFzKvoLEJhvCuoufkgHPbGTrIWWOwCFpCdAQbQivUQYm

-----

-----
Test: tests/test_add_book.py::test_add_books (call)
Start time: 2023-11-30 18:05:10.217930
Start name method: select_book

End time: 2023-11-30 18:05:10.307446
End name method: select_book
URL: http://localhost:8080/%D0%91%D1%80%D0%B0%D0%B9%D0%B0%D0%BD/add-b/FIbVipltRtqcoJlDSjFnZTLHWWwXWjYMotIhcUtnhLIJVoWKHxayVvReUoefVJSBZcSxXwDrcNQfkxygCjGQgGjtrMZkZDipNMVOTheYFFZPxqVuvbujmnJnjjqnsLXFWOJlWpMPoBUcHnRxmRodkyivOckyIvqAevckpgslKbKFFOhAMxhbgKWoAfUyTxrfLsAQGtOUPltDJMCwOxfaVFzKvoLEJhvCuoufkgHPbGTrIWWOwCFpCdAQbQivUQYm

-----

-----
Test: tests/test_add_book.py::test_add_books (call)
Start time: 2023-11-30 18:05:10.308475
Start name method: add_book

End time: 2023-11-30 18:05:11.637891
End name method: accept_alert
URL: http://localhost:8080/%D0%91%D1%80%D0%B0%D0%B9%D0%B0%D0%BD/private/FIbVipltRtqcoJlDSjFnZTLHWWwXWjYMotIhcUtnhLIJVoWKHxayVvReUoefVJSBZcSxXwDrcNQfkxygCjGQgGjtrMZkZDipNMVOTheYFFZPxqVuvbujmnJnjjqnsLXFWOJlWpMPoBUcHnRxmRodkyivOckyIvqAevckpgslKbKFFOhAMxhbgKWoAfUyTxrfLsAQGtOUPltDJMCwOxfaVFzKvoLEJhvCuoufkgHPbGTrIWWOwCFpCdAQbQivUQYm

-----

-----
Test: tests/test_add_book.py::test_add_books (call)
Start time: 2023-11-30 18:05:11.637891
Start name method: select_text

End time: 2023-11-30 18:05:13.775597
End name method: select_text
URL: http://localhost:8080/%D0%91%D1%80%D0%B0%D0%B9%D0%B0%D0%BD/add-t/FIbVipltRtqcoJlDSjFnZTLHWWwXWjYMotIhcUtnhLIJVoWKHxayVvReUoefVJSBZcSxXwDrcNQfkxygCjGQgGjtrMZkZDipNMVOTheYFFZPxqVuvbujmnJnjjqnsLXFWOJlWpMPoBUcHnRxmRodkyivOckyIvqAevckpgslKbKFFOhAMxhbgKWoAfUyTxrfLsAQGtOUPltDJMCwOxfaVFzKvoLEJhvCuoufkgHPbGTrIWWOwCFpCdAQbQivUQYm

-----

-----
Test: tests/test_add_book.py::test_add_books (call)
Start time: 2023-11-30 18:05:13.775597
Start name method: add_text

End time: 2023-11-30 18:05:14.963941
End name method: accept_alert
URL: http://localhost:8080/%D0%91%D1%80%D0%B0%D0%B9%D0%B0%D0%BD/private/FIbVipltRtqcoJlDSjFnZTLHWWwXWjYMotIhcUtnhLIJVoWKHxayVvReUoefVJSBZcSxXwDrcNQfkxygCjGQgGjtrMZkZDipNMVOTheYFFZPxqVuvbujmnJnjjqnsLXFWOJlWpMPoBUcHnRxmRodkyivOckyIvqAevckpgslKbKFFOhAMxhbgKWoAfUyTxrfLsAQGtOUPltDJMCwOxfaVFzKvoLEJhvCuoufkgHPbGTrIWWOwCFpCdAQbQivUQYm

-----

-----
Test: tests/test_add_book.py::test_add_books (call)
Start time: 2023-11-30 18:05:14.963941
Start name method: select_text

End time: 2023-11-30 18:05:15.058719
End name method: select_text
URL: http://localhost:8080/%D0%91%D1%80%D0%B0%D0%B9%D0%B0%D0%BD/my-books/1/FIbVipltRtqcoJlDSjFnZTLHWWwXWjYMotIhcUtnhLIJVoWKHxayVvReUoefVJSBZcSxXwDrcNQfkxygCjGQgGjtrMZkZDipNMVOTheYFFZPxqVuvbujmnJnjjqnsLXFWOJlWpMPoBUcHnRxmRodkyivOckyIvqAevckpgslKbKFFOhAMxhbgKWoAfUyTxrfLsAQGtOUPltDJMCwOxfaVFzKvoLEJhvCuoufkgHPbGTrIWWOwCFpCdAQbQivUQYm

-----

-----
Test: tests/test_add_book.py::test_add_books (call)
Start time: 2023-11-30 18:05:15.058719
Start name method: accept_books

End time: 2023-11-30 18:05:15.222240
End name method: accept_books
URL: http://localhost:8080/%D0%91%D1%80%D0%B0%D0%B9%D0%B0%D0%BD/my-books/1/FIbVipltRtqcoJlDSjFnZTLHWWwXWjYMotIhcUtnhLIJVoWKHxayVvReUoefVJSBZcSxXwDrcNQfkxygCjGQgGjtrMZkZDipNMVOTheYFFZPxqVuvbujmnJnjjqnsLXFWOJlWpMPoBUcHnRxmRodkyivOckyIvqAevckpgslKbKFFOhAMxhbgKWoAfUyTxrfLsAQGtOUPltDJMCwOxfaVFzKvoLEJhvCuoufkgHPbGTrIWWOwCFpCdAQbQivUQYm

-----
