
-----
Test: tests/test_add_book.py::test_add_books (call)
Start time: 2023-11-30 17:59:33.694353
Start name method: authorization

End time: 2023-11-30 17:59:34.191026
End name method: authorization
URL: http://localhost:8080/%D0%91%D1%80%D0%B0%D0%B9%D0%B0%D0%BD/private/McvFaildnyViNmnqgVpHwEFWYLntQALgAGDLuIInqAeNBsboJMvuxCVvKMFnJUUGjDLyAqaSLsTylPROfIUbAWgOWuBKVfUmmXuVMfVpwdhPVmnMWXdYOhyoONBjxQkqVnVYqDqNiLbzCYYAZMEFMZUJTUyJFyrlamgdCyfYODOwTtXMqnkcoDGyClpdlAZyipRiSasrSsyiPwEoAVeKoXGltAokOgYiPpSJgthpZuYopfIZMuZKVsplVlvAENMk

-----

-----
Test: tests/test_add_book.py::test_add_books (call)
Start time: 2023-11-30 17:59:34.191026
Start name method: select_author

End time: 2023-11-30 17:59:34.290188
End name method: select_author
URL: http://localhost:8080/%D0%91%D1%80%D0%B0%D0%B9%D0%B0%D0%BD/add-a/McvFaildnyViNmnqgVpHwEFWYLntQALgAGDLuIInqAeNBsboJMvuxCVvKMFnJUUGjDLyAqaSLsTylPROfIUbAWgOWuBKVfUmmXuVMfVpwdhPVmnMWXdYOhyoONBjxQkqVnVYqDqNiLbzCYYAZMEFMZUJTUyJFyrlamgdCyfYODOwTtXMqnkcoDGyClpdlAZyipRiSasrSsyiPwEoAVeKoXGltAokOgYiPpSJgthpZuYopfIZMuZKVsplVlvAENMk

-----

-----
Test: tests/test_add_book.py::test_add_books (call)
Start time: 2023-11-30 17:59:34.290188
Start name method: add_author

End time: 2023-11-30 17:59:35.804011
End name method: add_author
URL: http://localhost:8080/%D0%91%D1%80%D0%B0%D0%B9%D0%B0%D0%BD/private/McvFaildnyViNmnqgVpHwEFWYLntQALgAGDLuIInqAeNBsboJMvuxCVvKMFnJUUGjDLyAqaSLsTylPROfIUbAWgOWuBKVfUmmXuVMfVpwdhPVmnMWXdYOhyoONBjxQkqVnVYqDqNiLbzCYYAZMEFMZUJTUyJFyrlamgdCyfYODOwTtXMqnkcoDGyClpdlAZyipRiSasrSsyiPwEoAVeKoXGltAokOgYiPpSJgthpZuYopfIZMuZKVsplVlvAENMk

-----

-----
Test: tests/test_add_book.py::test_add_books (call)
Start time: 2023-11-30 17:59:35.805009
Start name method: select_metabook

End time: 2023-11-30 17:59:35.896149
End name method: select_metabook
URL: http://localhost:8080/%D0%91%D1%80%D0%B0%D0%B9%D0%B0%D0%BD/add-mb/McvFaildnyViNmnqgVpHwEFWYLntQALgAGDLuIInqAeNBsboJMvuxCVvKMFnJUUGjDLyAqaSLsTylPROfIUbAWgOWuBKVfUmmXuVMfVpwdhPVmnMWXdYOhyoONBjxQkqVnVYqDqNiLbzCYYAZMEFMZUJTUyJFyrlamgdCyfYODOwTtXMqnkcoDGyClpdlAZyipRiSasrSsyiPwEoAVeKoXGltAokOgYiPpSJgthpZuYopfIZMuZKVsplVlvAENMk

-----

-----
Test: tests/test_add_book.py::test_add_books (call)
Start time: 2023-11-30 17:59:35.897146
Start name method: add_metabook

End time: 2023-11-30 17:59:37.324577
End name method: accept_alert
URL: http://localhost:8080/%D0%91%D1%80%D0%B0%D0%B9%D0%B0%D0%BD/private/McvFaildnyViNmnqgVpHwEFWYLntQALgAGDLuIInqAeNBsboJMvuxCVvKMFnJUUGjDLyAqaSLsTylPROfIUbAWgOWuBKVfUmmXuVMfVpwdhPVmnMWXdYOhyoONBjxQkqVnVYqDqNiLbzCYYAZMEFMZUJTUyJFyrlamgdCyfYODOwTtXMqnkcoDGyClpdlAZyipRiSasrSsyiPwEoAVeKoXGltAokOgYiPpSJgthpZuYopfIZMuZKVsplVlvAENMk

-----

-----
Test: tests/test_add_book.py::test_add_books (call)
Start time: 2023-11-30 17:59:37.324577
Start name method: select_book

End time: 2023-11-30 17:59:37.414889
End name method: select_book
URL: http://localhost:8080/%D0%91%D1%80%D0%B0%D0%B9%D0%B0%D0%BD/add-b/McvFaildnyViNmnqgVpHwEFWYLntQALgAGDLuIInqAeNBsboJMvuxCVvKMFnJUUGjDLyAqaSLsTylPROfIUbAWgOWuBKVfUmmXuVMfVpwdhPVmnMWXdYOhyoONBjxQkqVnVYqDqNiLbzCYYAZMEFMZUJTUyJFyrlamgdCyfYODOwTtXMqnkcoDGyClpdlAZyipRiSasrSsyiPwEoAVeKoXGltAokOgYiPpSJgthpZuYopfIZMuZKVsplVlvAENMk

-----

-----
Test: tests/test_add_book.py::test_add_books (call)
Start time: 2023-11-30 17:59:37.415886
Start name method: add_book

End time: 2023-11-30 17:59:38.761017
End name method: accept_alert
URL: http://localhost:8080/%D0%91%D1%80%D0%B0%D0%B9%D0%B0%D0%BD/private/McvFaildnyViNmnqgVpHwEFWYLntQALgAGDLuIInqAeNBsboJMvuxCVvKMFnJUUGjDLyAqaSLsTylPROfIUbAWgOWuBKVfUmmXuVMfVpwdhPVmnMWXdYOhyoONBjxQkqVnVYqDqNiLbzCYYAZMEFMZUJTUyJFyrlamgdCyfYODOwTtXMqnkcoDGyClpdlAZyipRiSasrSsyiPwEoAVeKoXGltAokOgYiPpSJgthpZuYopfIZMuZKVsplVlvAENMk

-----

-----
Test: tests/test_add_book.py::test_add_books (call)
Start time: 2023-11-30 17:59:38.762015
Start name method: select_text

